[{"target": 0.010423498367945538, "params": {"coeff_betweenness": 4.753198042323167, "coeff_closeness": 7.482920440979423, "coeff_eigentrust": 1.001029373356104, "coeff_eigenvector": 3.7209931536865577, "coeff_hits_authority": 2.3208030173540175, "coeff_hits_hub": 1.8310473529191802, "coeff_katz": 2.676341902399038, "coeff_logFC": 4.11004654338743, "coeff_pagerank": 4.570907268076029}}, {"target": 0.014116728773468812, "params": {"coeff_betweenness": 5.849350606030212, "coeff_closeness": 4.772750629629654, "coeff_eigentrust": 7.166975503570836, "coeff_eigenvector": 2.840070247583657, "coeff_hits_authority": 8.90305692751851, "coeff_hits_hub": 1.2464883387813355, "coeff_katz": 7.03420759160562, "coeff_logFC": 4.755743221304143, "coeff_pagerank": 6.028208456011765}}, {"target": 0.01364113576857473, "params": {"coeff_betweenness": 2.263482447357104, "coeff_closeness": 2.782913401763909, "coeff_eigentrust": 8.206701118079831, "coeff_eigenvector": 9.714354181474578, "coeff_hits_authority": 3.8208176034331855, "coeff_hits_hub": 7.230903541023826, "coeff_katz": 8.887502370664345, "coeff_logFC": 9.051459971534626, "coeff_pagerank": 1.7653979023280013}}, {"target": 0.012557326186322437, "params": {"coeff_betweenness": 1.3514930490959411, "coeff_closeness": 2.5284737760811202, "coeff_eigentrust": 8.903282530864718, "coeff_eigenvector": 1.8851215044974508, "coeff_hits_authority": 4.78996862504547, "coeff_hits_hub": 9.621005771354518, "coeff_katz": 5.798487564757154, "coeff_logFC": 7.226894025554261, "coeff_pagerank": 3.8396406790545665}}, {"target": 0.014171038485850995, "params": {"coeff_betweenness": 7.178508349134253, "coeff_closeness": 8.511631047076357, "coeff_eigentrust": 1.1645944960977261, "coeff_eigenvector": 7.751298834504707, "coeff_hits_authority": 9.899749800158453, "coeff_hits_hub": 7.733490889418555, "coeff_katz": 3.5239959285796467, "coeff_logFC": 8.103513956063397, "coeff_pagerank": 1.9290340591987782}}, {"target": 0.012021486022594896, "params": {"coeff_betweenness": 5.0310417355831465, "coeff_closeness": 9.17735952783786, "coeff_eigentrust": 3.6425273353631153, "coeff_eigenvector": 3.5899780472771385, "coeff_hits_authority": 2.170257149064499, "coeff_hits_hub": 1.1743026208326737, "coeff_katz": 7.109519796459018, "coeff_logFC": 2.9046530440005314, "coeff_pagerank": 3.389919934350036}}, {"target": 0.013936913713079813, "params": {"coeff_betweenness": 5.424158433523044, "coeff_closeness": 1.4802629060537233, "coeff_eigentrust": 6.167058449428118, "coeff_eigenvector": 2.3205571741522912, "coeff_hits_authority": 6.303749832129558, "coeff_hits_hub": 7.297825240188381, "coeff_katz": 1.9210098594504326, "coeff_logFC": 4.726503890376115, "coeff_pagerank": 7.249601419549706}}, {"target": 0.01451654910743938, "params": {"coeff_betweenness": 4.727613425742124, "coeff_closeness": 1.4495811305147845, "coeff_eigentrust": 5.823067653239605, "coeff_eigenvector": 6.974151806978099, "coeff_hits_authority": 5.634002008524777, "coeff_hits_hub": 9.50135280391732, "coeff_katz": 6.278995364517936, "coeff_logFC": 9.130617237590952, "coeff_pagerank": 2.2372723373161376}}, {"target": 0.01385167549382127, "params": {"coeff_betweenness": 2.253487125256827, "coeff_closeness": 8.266521598385715, "coeff_eigentrust": 4.579091532869802, "coeff_eigenvector": 2.488187774052395, "coeff_hits_authority": 9.347577223564304, "coeff_hits_hub": 4.129892737709559, "coeff_katz": 7.7573089282254, "coeff_logFC": 7.533981868154063, "coeff_pagerank": 8.949754820852288}}, {"target": 0.01531605046513207, "params": {"coeff_betweenness": 6.61304986350048, "coeff_closeness": 7.758481906246034, "coeff_eigentrust": 4.140085077800583, "coeff_eigenvector": 3.429351025885235, "coeff_hits_authority": 9.062975963764602, "coeff_hits_hub": 4.852820708841654, "coeff_katz": 9.68356042433547, "coeff_logFC": 6.970973480366033, "coeff_pagerank": 6.595261481882096}}, {"target": 0.01227333316214374, "params": {"coeff_betweenness": 2.032713756580377, "coeff_closeness": 9.54540332836364, "coeff_eigentrust": 5.0492092013194645, "coeff_eigenvector": 6.205506529484186, "coeff_hits_authority": 4.673231224851531, "coeff_hits_hub": 3.1332428221872495, "coeff_katz": 9.130415685060283, "coeff_logFC": 6.163115380050573, "coeff_pagerank": 1.0258329432804307}}, {"target": 0.015349872253727526, "params": {"coeff_betweenness": 6.554304222586515, "coeff_closeness": 3.9398041159488653, "coeff_eigentrust": 5.743522920318483, "coeff_eigenvector": 8.97347889379697, "coeff_hits_authority": 4.215427840022498, "coeff_hits_hub": 9.176816358278193, "coeff_katz": 6.6102410421262245, "coeff_logFC": 1.1423911856190065, "coeff_pagerank": 9.364935103693853}}, {"target": 0.014272051352396953, "params": {"coeff_betweenness": 7.218072257652316, "coeff_closeness": 9.975905654063325, "coeff_eigentrust": 2.551064575107957, "coeff_eigenvector": 2.2342217466599, "coeff_hits_authority": 9.393359167334472, "coeff_hits_hub": 7.271363453409101, "coeff_katz": 1.5940015544985624, "coeff_logFC": 7.799167473422197, "coeff_pagerank": 7.784885696151218}}, {"target": 0.010186388324909368, "params": {"coeff_betweenness": 9.30722081991835, "coeff_closeness": 7.403722827656246, "coeff_eigentrust": 2.1184386577494823, "coeff_eigenvector": 1.1789212045581603, "coeff_hits_authority": 1.2358988818994736, "coeff_hits_hub": 1.2547583921871515, "coeff_katz": 3.215899608427413, "coeff_logFC": 8.740251538145992, "coeff_pagerank": 5.849479579074876}}, {"target": 0.014701632338924964, "params": {"coeff_betweenness": 5.975397808171893, "coeff_closeness": 8.57827803123645, "coeff_eigentrust": 2.1175598360792005, "coeff_eigenvector": 3.5126531111002555, "coeff_hits_authority": 6.271833443124591, "coeff_hits_hub": 9.72636173487707, "coeff_katz": 6.04927197330139, "coeff_logFC": 1.1678256043564872, "coeff_pagerank": 8.205694054125548}}, {"target": 0.013303406723211841, "params": {"coeff_betweenness": 3.096768464569184, "coeff_closeness": 8.263946760569013, "coeff_eigentrust": 4.490745796577546, "coeff_eigenvector": 8.771876691034858, "coeff_hits_authority": 7.724094784634661, "coeff_hits_hub": 6.00616210591377, "coeff_katz": 2.228097030946165, "coeff_logFC": 1.539259205609905, "coeff_pagerank": 2.092091101666636}}, {"target": 0.010210260788614978, "params": {"coeff_betweenness": 1.4009669069028554, "coeff_closeness": 1.9674471619548362, "coeff_eigentrust": 3.0313840474706923, "coeff_eigenvector": 7.41690082344409, "coeff_hits_authority": 6.037452838487282, "coeff_hits_hub": 1.1130038214320428, "coeff_katz": 1.6477685172053809, "coeff_logFC": 9.705486970002449, "coeff_pagerank": 6.112904157279479}}, {"target": 0.01426796393175711, "params": {"coeff_betweenness": 2.8296391119489144, "coeff_closeness": 3.270931701132911, "coeff_eigentrust": 7.694432686675836, "coeff_eigenvector": 2.7588653299838692, "coeff_hits_authority": 6.23223034545932, "coeff_hits_hub": 9.730179901794811, "coeff_katz": 8.621459213410319, "coeff_logFC": 3.1586298323282755, "coeff_pagerank": 5.4439274284185695}}, {"target": 0.012254799489168078, "params": {"coeff_betweenness": 6.579601465432418, "coeff_closeness": 8.460828095951609, "coeff_eigentrust": 2.4111225518147585, "coeff_eigenvector": 1.1671858195966855, "coeff_hits_authority": 1.630199293473001, "coeff_hits_hub": 5.3771059984332865, "coeff_katz": 6.456965154879973, "coeff_logFC": 6.119662933778332, "coeff_pagerank": 3.856261683899447}}, {"target": 0.01526956328277107, "params": {"coeff_betweenness": 9.89754538971204, "coeff_closeness": 6.217706973212172, "coeff_eigentrust": 4.421270553611953, "coeff_eigenvector": 5.958533972061072, "coeff_hits_authority": 7.708009878158519, "coeff_hits_hub": 7.023096041078661, "coeff_katz": 3.3842760189652843, "coeff_logFC": 1.5970135098559741, "coeff_pagerank": 4.330757781226957}}, {"target": 0.013941758408918536, "params": {"coeff_betweenness": 6.6674575631940804, "coeff_closeness": 2.891566089233556, "coeff_eigentrust": 7.7747999836493245, "coeff_eigenvector": 1.5988283321870345, "coeff_hits_authority": 3.342835887206869, "coeff_hits_hub": 8.242791073690109, "coeff_katz": 2.7409085436099496, "coeff_logFC": 6.755147927919461, "coeff_pagerank": 5.722032782113603}}, {"target": 0.015116164083307515, "params": {"coeff_betweenness": 9.323271733594156, "coeff_closeness": 3.369670934383999, "coeff_eigentrust": 1.593649816156214, "coeff_eigenvector": 7.6155936695980255, "coeff_hits_authority": 7.9496022658892205, "coeff_hits_hub": 9.170342672531717, "coeff_katz": 9.387748622771536, "coeff_logFC": 1.1255641567803731, "coeff_pagerank": 3.1092587750927847}}, {"target": 0.015716607730380527, "params": {"coeff_betweenness": 6.551005213014919, "coeff_closeness": 9.541146886188548, "coeff_eigentrust": 9.551585073223716, "coeff_eigenvector": 6.0098786937564075, "coeff_hits_authority": 9.240457147896471, "coeff_hits_hub": 6.774095880517038, "coeff_katz": 4.510069427271216, "coeff_logFC": 5.373916003872187, "coeff_pagerank": 6.438794346279759}}, {"target": 0.014384778904752094, "params": {"coeff_betweenness": 5.945931293577063, "coeff_closeness": 9.335632840358082, "coeff_eigentrust": 9.268600920702454, "coeff_eigenvector": 4.5538805163119935, "coeff_hits_authority": 9.669362755966405, "coeff_hits_hub": 2.5656010001241794, "coeff_katz": 2.136965674956736, "coeff_logFC": 2.215712422420582, "coeff_pagerank": 5.550959491092071}}, {"target": 0.009775785140617721, "params": {"coeff_betweenness": 1.1937232474677817, "coeff_closeness": 9.531731900959128, "coeff_eigentrust": 8.444039240536593, "coeff_eigenvector": 1.1351708266791014, "coeff_hits_authority": 2.5857663001754974, "coeff_hits_hub": 3.988572169301533, "coeff_katz": 2.178971603298252, "coeff_logFC": 8.285416229139239, "coeff_pagerank": 4.102629874149641}}, {"target": 0.01598290454469009, "params": {"coeff_betweenness": 9.460967341000304, "coeff_closeness": 6.238127619523721, "coeff_eigentrust": 8.909487859706598, "coeff_eigenvector": 8.602610008529997, "coeff_hits_authority": 9.148530868377843, "coeff_hits_hub": 5.138922392351263, "coeff_katz": 5.917121344183359, "coeff_logFC": 8.187432320368355, "coeff_pagerank": 3.571469665607328}}, {"target": 0.01409033812128846, "params": {"coeff_betweenness": 5.41228170357935, "coeff_closeness": 6.391992768812905, "coeff_eigentrust": 1.1397994799575215, "coeff_eigenvector": 6.341332673769735, "coeff_hits_authority": 4.903087140905125, "coeff_hits_hub": 8.266244759963573, "coeff_katz": 3.8372032278583568, "coeff_logFC": 9.035998376726361, "coeff_pagerank": 6.20071493756082}}, {"target": 0.01370798997441769, "params": {"coeff_betweenness": 2.6560918146471857, "coeff_closeness": 8.091363104429538, "coeff_eigentrust": 6.508280593404406, "coeff_eigenvector": 1.4851834486637765, "coeff_hits_authority": 4.78174312001019, "coeff_hits_hub": 7.111619529088866, "coeff_katz": 9.267416001797733, "coeff_logFC": 1.003618224022217, "coeff_pagerank": 9.790832341279536}}, {"target": 0.015135352326091867, "params": {"coeff_betweenness": 4.389222832711971, "coeff_closeness": 9.764051845224904, "coeff_eigentrust": 6.442444908766477, "coeff_eigenvector": 8.459612271826238, "coeff_hits_authority": 6.172403542372921, "coeff_hits_hub": 6.652685784766153, "coeff_katz": 3.5701865352612456, "coeff_logFC": 6.281500065904747, "coeff_pagerank": 7.750195873323939}}, {"target": 0.015596944070883634, "params": {"coeff_betweenness": 8.724824527861381, "coeff_closeness": 7.795739696209122, "coeff_eigentrust": 7.282515236025727, "coeff_eigenvector": 8.780314870491399, "coeff_hits_authority": 3.904128971530718, "coeff_hits_hub": 7.037099117088285, "coeff_katz": 5.0578654277201425, "coeff_logFC": 4.4389247682836555, "coeff_pagerank": 4.69730214929967}}, {"target": 0.014541354711577026, "params": {"coeff_betweenness": 4.613316251225865, "coeff_closeness": 3.8564555136244922, "coeff_eigentrust": 6.597274311282713, "coeff_eigenvector": 4.872225437391379, "coeff_hits_authority": 9.764218701345271, "coeff_hits_hub": 7.1002080229088, "coeff_katz": 2.787128995843998, "coeff_logFC": 4.840309084132295, "coeff_pagerank": 4.090116157969807}}, {"target": 0.015550631912744417, "params": {"coeff_betweenness": 8.178749235627098, "coeff_closeness": 8.919984597070886, "coeff_eigentrust": 9.134577602437348, "coeff_eigenvector": 6.96447831137736, "coeff_hits_authority": 3.43187435826782, "coeff_hits_hub": 3.2713003135413077, "coeff_katz": 8.694081484276621, "coeff_logFC": 5.74943181677872, "coeff_pagerank": 8.219449756041382}}, {"target": 0.014871251387475137, "params": {"coeff_betweenness": 6.152396654724457, "coeff_closeness": 7.5982827275876, "coeff_eigentrust": 5.671104647176502, "coeff_eigenvector": 7.9379551945169915, "coeff_hits_authority": 6.11972191634244, "coeff_hits_hub": 5.191388907327828, "coeff_katz": 4.0842001715795355, "coeff_logFC": 1.613884135750337, "coeff_pagerank": 4.401317613952899}}, {"target": 0.013742795158773191, "params": {"coeff_betweenness": 1.7166346992842714, "coeff_closeness": 9.845354023574005, "coeff_eigentrust": 2.6345156619768737, "coeff_eigenvector": 8.306728279484858, "coeff_hits_authority": 8.874654804603082, "coeff_hits_hub": 7.195719271473489, "coeff_katz": 6.125449714708381, "coeff_logFC": 2.4487429313404787, "coeff_pagerank": 5.201920204869757}}, {"target": 0.014018073125760755, "params": {"coeff_betweenness": 4.106548460396935, "coeff_closeness": 3.0253596203267614, "coeff_eigentrust": 6.332606818892171, "coeff_eigenvector": 3.8104285393172526, "coeff_hits_authority": 9.246749981215157, "coeff_hits_hub": 9.186719724564014, "coeff_katz": 3.3140646440397656, "coeff_logFC": 1.998021706696263, "coeff_pagerank": 2.7366645881720157}}, {"target": 0.013791729047429202, "params": {"coeff_betweenness": 5.496257536109974, "coeff_closeness": 7.557271011771366, "coeff_eigentrust": 2.8737499456791236, "coeff_eigenvector": 3.2323020253950765, "coeff_hits_authority": 8.665046874427302, "coeff_hits_hub": 4.7426384644077455, "coeff_katz": 6.550165604397126, "coeff_logFC": 3.1029952531532503, "coeff_pagerank": 1.9177053348321769}}, {"target": 0.013788952629622209, "params": {"coeff_betweenness": 5.642713152716769, "coeff_closeness": 5.294268883448042, "coeff_eigentrust": 2.3740447968384695, "coeff_eigenvector": 6.5962560856637396, "coeff_hits_authority": 5.896091069325443, "coeff_hits_hub": 6.887236122736699, "coeff_katz": 2.300909861121938, "coeff_logFC": 7.763750354217195, "coeff_pagerank": 2.9984422581993044}}, {"target": 0.014775291260071377, "params": {"coeff_betweenness": 5.674166419294297, "coeff_closeness": 8.06766425399457, "coeff_eigentrust": 1.2009738519262556, "coeff_eigenvector": 3.9192621375356786, "coeff_hits_authority": 8.856301387601, "coeff_hits_hub": 8.602386468418626, "coeff_katz": 5.845965333350893, "coeff_logFC": 8.799474467498616, "coeff_pagerank": 9.548253922182639}}, {"target": 0.015368143610172469, "params": {"coeff_betweenness": 8.437662978664072, "coeff_closeness": 8.687038994528848, "coeff_eigentrust": 1.8886906163831352, "coeff_eigenvector": 6.861738991068919, "coeff_hits_authority": 7.331652893373876, "coeff_hits_hub": 6.492167313819667, "coeff_katz": 8.196537355624251, "coeff_logFC": 1.3111409788447084, "coeff_pagerank": 7.932148610994819}}, {"target": 0.015367835197605761, "params": {"coeff_betweenness": 7.5855574066557425, "coeff_closeness": 3.337285539685178, "coeff_eigentrust": 3.31362368939932, "coeff_eigenvector": 6.69072985687115, "coeff_hits_authority": 4.107677154319734, "coeff_hits_hub": 8.169298102065587, "coeff_katz": 5.015316088031115, "coeff_logFC": 8.044744733057549, "coeff_pagerank": 9.914246052614565}}, {"target": 0.015168320764691878, "params": {"coeff_betweenness": 3.7022350558051005, "coeff_closeness": 2.2870524543228945, "coeff_eigentrust": 9.111775927143464, "coeff_eigenvector": 5.8740344099863595, "coeff_hits_authority": 9.77266333769574, "coeff_hits_hub": 6.729439600017075, "coeff_katz": 9.94521722149431, "coeff_logFC": 5.9146372372865645, "coeff_pagerank": 5.737833405149692}}, {"target": 0.010518696431284669, "params": {"coeff_betweenness": 2.218851127649529, "coeff_closeness": 4.20134653885493, "coeff_eigentrust": 1.2359671056673596, "coeff_eigenvector": 2.443556615676842, "coeff_hits_authority": 7.710734734367465, "coeff_hits_hub": 1.2735972093590995, "coeff_katz": 4.298887875193699, "coeff_logFC": 8.761116275542397, "coeff_pagerank": 7.234099457566189}}, {"target": 0.014863855229395928, "params": {"coeff_betweenness": 7.218479278595517, "coeff_closeness": 2.697731208597798, "coeff_eigentrust": 4.977138526735811, "coeff_eigenvector": 6.2341966660986206, "coeff_hits_authority": 9.907765368973347, "coeff_hits_hub": 2.8351560270980967, "coeff_katz": 3.2295961158611934, "coeff_logFC": 3.3595577539562074, "coeff_pagerank": 7.751551719681935}}, {"target": 0.01348088968403427, "params": {"coeff_betweenness": 5.112777946921235, "coeff_closeness": 1.512364945699855, "coeff_eigentrust": 5.576646165492156, "coeff_eigenvector": 2.9076414817930836, "coeff_hits_authority": 8.187438202841893, "coeff_hits_hub": 3.67598243356545, "coeff_katz": 1.2484541075905327, "coeff_logFC": 6.340892045181589, "coeff_pagerank": 8.594563860380699}}, {"target": 0.0144151551252244, "params": {"coeff_betweenness": 4.429145116559928, "coeff_closeness": 7.74872479653529, "coeff_eigentrust": 5.600273304674154, "coeff_eigenvector": 5.868566244659698, "coeff_hits_authority": 9.634908889555772, "coeff_hits_hub": 8.23564802348782, "coeff_katz": 1.290907599612166, "coeff_logFC": 7.384485261081656, "coeff_pagerank": 5.185013334071555}}, {"target": 0.013960261272474628, "params": {"coeff_betweenness": 9.527940472555898, "coeff_closeness": 2.992894608911395, "coeff_eigentrust": 3.403648177159292, "coeff_eigenvector": 1.733265683895358, "coeff_hits_authority": 4.857569457974079, "coeff_hits_hub": 1.9811688761716146, "coeff_katz": 6.704080845507261, "coeff_logFC": 8.22666913636364, "coeff_pagerank": 7.271204465081606}}, {"target": 0.014272286983501581, "params": {"coeff_betweenness": 7.895902429681934, "coeff_closeness": 4.0820870785916785, "coeff_eigentrust": 8.6126633472491, "coeff_eigenvector": 4.8589189749949835, "coeff_hits_authority": 8.41608883371087, "coeff_hits_hub": 6.638465427618644, "coeff_katz": 2.2908074380322043, "coeff_logFC": 1.7054820986945316, "coeff_pagerank": 1.1649937862170656}}, {"target": 0.011519729197844053, "params": {"coeff_betweenness": 1.6005249787542082, "coeff_closeness": 5.127254323375887, "coeff_eigentrust": 2.0200773049083143, "coeff_eigenvector": 1.2500501396380295, "coeff_hits_authority": 7.793753332514206, "coeff_hits_hub": 4.5536543241457546, "coeff_katz": 7.722446460467726, "coeff_logFC": 5.071643440718064, "coeff_pagerank": 5.05078072300685}}, {"target": 0.014413735829839736, "params": {"coeff_betweenness": 5.302652560460479, "coeff_closeness": 5.266035339059746, "coeff_eigentrust": 8.228470079027527, "coeff_eigenvector": 4.621532678719623, "coeff_hits_authority": 9.142175443092608, "coeff_hits_hub": 1.3335494315863228, "coeff_katz": 7.964869084483768, "coeff_logFC": 2.1307724302396496, "coeff_pagerank": 6.566622102208769}}, {"target": 0.012188605487696846, "params": {"coeff_betweenness": 1.0932783520170875, "coeff_closeness": 5.847645543187123, "coeff_eigentrust": 1.0271616095763672, "coeff_eigenvector": 9.560744069411841, "coeff_hits_authority": 9.148618303325003, "coeff_hits_hub": 8.163702477480424, "coeff_katz": 9.237468879233088, "coeff_logFC": 2.3100240804255736, "coeff_pagerank": 2.4195706288347996}}, {"target": 0.015423954925865346, "params": {"coeff_betweenness": 9.779201047443346, "coeff_closeness": 2.3777742415998975, "coeff_eigentrust": 9.602347511484702, "coeff_eigenvector": 9.96038581158735, "coeff_hits_authority": 1.7069808514464566, "coeff_hits_hub": 4.031959787706471, "coeff_katz": 9.934692568150965, "coeff_logFC": 4.840846566224459, "coeff_pagerank": 8.410136032532712}}, {"target": 0.013660647755534217, "params": {"coeff_betweenness": 2.092058377426195, "coeff_closeness": 1.2718037221627352, "coeff_eigentrust": 9.434773495303688, "coeff_eigenvector": 9.657883626864937, "coeff_hits_authority": 1.1320248896696967, "coeff_hits_hub": 9.55543774454302, "coeff_katz": 8.760533560847438, "coeff_logFC": 4.128602864144678, "coeff_pagerank": 7.529459289254985}}, {"target": 0.01390001893760906, "params": {"coeff_betweenness": 9.943238968061916, "coeff_closeness": 1.1501704125220202, "coeff_eigentrust": 1.2660884532145258, "coeff_eigenvector": 9.008222970834483, "coeff_hits_authority": 1.8391355677676426, "coeff_hits_hub": 2.212095847740478, "coeff_katz": 9.957891900844324, "coeff_logFC": 2.390899440800167, "coeff_pagerank": 8.203441731944512}}, {"target": 0.014573758461707942, "params": {"coeff_betweenness": 9.447758426039007, "coeff_closeness": 6.183690684023366, "coeff_eigentrust": 9.956601479058818, "coeff_eigenvector": 8.890240147730736, "coeff_hits_authority": 1.0120905800596667, "coeff_hits_hub": 9.176699162637867, "coeff_katz": 9.499546414321351, "coeff_logFC": 3.238444768939135, "coeff_pagerank": 1.051132666950207}}, {"target": 0.01459578248655713, "params": {"coeff_betweenness": 8.56874176703667, "coeff_closeness": 8.653441946098567, "coeff_eigentrust": 9.70343563109109, "coeff_eigenvector": 9.418714890022642, "coeff_hits_authority": 1.115509758498042, "coeff_hits_hub": 1.667647607452775, "coeff_katz": 9.951094819469336, "coeff_logFC": 3.6945263712760172, "coeff_pagerank": 7.99251485085404}}, {"target": 0.015133673244861479, "params": {"coeff_betweenness": 9.635904002722183, "coeff_closeness": 1.1374016150766793, "coeff_eigentrust": 6.538049758919488, "coeff_eigenvector": 9.90771648985954, "coeff_hits_authority": 3.266404375123181, "coeff_hits_hub": 9.684945502972365, "coeff_katz": 1.0037203700643136, "coeff_logFC": 9.941923955688866, "coeff_pagerank": 9.631079147328201}}, {"target": 0.012470683469450017, "params": {"coeff_betweenness": 9.84664129961638, "coeff_closeness": 1.363839102590072, "coeff_eigentrust": 1.5057834829722099, "coeff_eigenvector": 8.060571990762014, "coeff_hits_authority": 1.5747304830309654, "coeff_hits_hub": 9