[{"target": 0.018707379814522418, "params": {"coeff_betweenness": 4.753198042323167, "coeff_closeness": 7.482920440979423, "coeff_eigentrust": 1.001029373356104, "coeff_eigenvector": 3.7209931536865577, "coeff_katz": 2.3208030173540175, "coeff_logFC": 1.8310473529191802, "coeff_pagerank": 2.676341902399038}}, {"target": 0.03521960495690313, "params": {"coeff_betweenness": 4.11004654338743, "coeff_closeness": 4.570907268076029, "coeff_eigentrust": 5.849350606030212, "coeff_eigenvector": 4.772750629629654, "coeff_katz": 7.166975503570836, "coeff_logFC": 2.840070247583657, "coeff_pagerank": 8.90305692751851}}, {"target": 0.02375900198001979, "params": {"coeff_betweenness": 1.2464883387813355, "coeff_closeness": 7.03420759160562, "coeff_eigentrust": 4.755743221304143, "coeff_eigenvector": 6.028208456011765, "coeff_katz": 2.263482447357104, "coeff_logFC": 2.782913401763909, "coeff_pagerank": 8.206701118079831}}, {"target": 0.03950321082271291, "params": {"coeff_betweenness": 9.714354181474578, "coeff_closeness": 3.8208176034331855, "coeff_eigentrust": 7.230903541023826, "coeff_eigenvector": 8.887502370664345, "coeff_katz": 9.051459971534626, "coeff_logFC": 1.7653979023280013, "coeff_pagerank": 1.3514930490959411}}, {"target": 0.025351676615797403, "params": {"coeff_betweenness": 2.5284737760811202, "coeff_closeness": 8.903282530864718, "coeff_eigentrust": 1.8851215044974508, "coeff_eigenvector": 4.78996862504547, "coeff_katz": 9.621005771354518, "coeff_logFC": 5.798487564757154, "coeff_pagerank": 7.226894025554261}}, {"target": 0.02620082729311002, "params": {"coeff_betweenness": 3.8396406790545665, "coeff_closeness": 7.178508349134253, "coeff_eigentrust": 8.511631047076357, "coeff_eigenvector": 1.1645944960977261, "coeff_katz": 7.751298834504707, "coeff_logFC": 9.899749800158453, "coeff_pagerank": 7.733490889418555}}, {"target": 0.026593703545692127, "params": {"coeff_betweenness": 3.5239959285796467, "coeff_closeness": 8.103513956063397, "coeff_eigentrust": 1.9290340591987782, "coeff_eigenvector": 5.0310417355831465, "coeff_katz": 9.17735952783786, "coeff_logFC": 3.6425273353631153, "coeff_pagerank": 3.5899780472771385}}, {"target": 0.015957262768142355, "params": {"coeff_betweenness": 2.170257149064499, "coeff_closeness": 1.1743026208326737, "coeff_eigentrust": 7.109519796459018, "coeff_eigenvector": 2.9046530440005314, "coeff_katz": 3.389919934350036, "coeff_logFC": 5.424158433523044, "coeff_pagerank": 1.4802629060537233}}, {"target": 0.032958896705680085, "params": {"coeff_betweenness": 6.167058449428118, "coeff_closeness": 2.3205571741522912, "coeff_eigentrust": 6.303749832129558, "coeff_eigenvector": 7.297825240188381, "coeff_katz": 1.9210098594504326, "coeff_logFC": 4.726503890376115, "coeff_pagerank": 7.249601419549706}}, {"target": 0.03170797304139872, "params": {"coeff_betweenness": 4.727613425742124, "coeff_closeness": 1.4495811305147845, "coeff_eigentrust": 5.823067653239605, "coeff_eigenvector": 6.974151806978099, "coeff_katz": 5.634002008524777, "coeff_logFC": 9.50135280391732, "coeff_pagerank": 6.278995364517936}}, {"target": 0.03633936537163396, "params": {"coeff_betweenness": 9.130617237590952, "coeff_closeness": 2.2372723373161376, "coeff_eigentrust": 2.253487125256827, "coeff_eigenvector": 8.266521598385715, "coeff_katz": 4.579091532869802, "coeff_logFC": 2.488187774052395, "coeff_pagerank": 9.347577223564304}}, {"target": 0.03452876973926522, "params": {"coeff_betweenness": 4.129892737709559, "coeff_closeness": 7.7573089282254, "coeff_eigentrust": 7.533981868154063, "coeff_eigenvector": 8.949754820852288, "coeff_katz": 6.61304986350048, "coeff_logFC": 7.758481906246034, "coeff_pagerank": 4.140085077800583}}, {"target": 0.029750185117826455, "params": {"coeff_betweenness": 3.429351025885235, "coeff_closeness": 9.062975963764602, "coeff_eigentrust": 4.852820708841654, "coeff_eigenvector": 9.68356042433547, "coeff_katz": 6.970973480366033, "coeff_logFC": 6.595261481882096, "coeff_pagerank": 2.032713756580377}}, {"target": 0.03346014742242298, "params": {"coeff_betweenness": 9.54540332836364, "coeff_closeness": 5.0492092013194645, "coeff_eigentrust": 6.205506529484186, "coeff_eigenvector": 4.673231224851531, "coeff_katz": 3.1332428221872495, "coeff_logFC": 9.130415685060283, "coeff_pagerank": 6.163115380050573}}, {"target": 0.025449059699090282, "params": {"coeff_betweenness": 1.0258329432804307, "coeff_closeness": 6.554304222586515, "coeff_eigentrust": 3.9398041159488653, "coeff_eigenvector": 5.743522920318483, "coeff_katz": 8.97347889379697, "coeff_logFC": 4.215427840022498, "coeff_pagerank": 9.176816358278193}}, {"target": 0.03784671314567345, "params": {"coeff_betweenness": 6.6102410421262245, "coeff_closeness": 1.1423911856190065, "coeff_eigentrust": 9.364935103693853, "coeff_eigenvector": 7.218072257652316, "coeff_katz": 9.975905654063325, "coeff_logFC": 2.551064575107957, "coeff_pagerank": 2.2342217466599}}, {"target": 0.032769912364919884, "params": {"coeff_betweenness": 9.393359167334472, "coeff_closeness": 7.271363453409101, "coeff_eigentrust": 1.5940015544985624, "coeff_eigenvector": 7.799167473422197, "coeff_katz": 7.784885696151218, "coeff_logFC": 9.30722081991835, "coeff_pagerank": 7.403722827656246}}, {"target": 0.01009691344475172, "params": {"coeff_betweenness": 2.1184386577494823, "coeff_closeness": 1.1789212045581603, "coeff_eigentrust": 1.2358988818994736, "coeff_eigenvector": 1.2547583921871515, "coeff_katz": 3.215899608427413, "coeff_logFC": 8.740251538145992, "coeff_pagerank": 5.849479579074876}}, {"target": 0.026969245971017797, "params": {"coeff_betweenness": 5.975397808171893, "coeff_closeness": 8.57827803123645, "coeff_eigentrust": 2.1175598360792005, "coeff_eigenvector": 3.5126531111002555, "coeff_katz": 6.271833443124591, "coeff_logFC": 9.72636173487707, "coeff_pagerank": 6.04927197330139}}, {"target": 0.02228239038826252, "params": {"coeff_betweenness": 1.1678256043564872, "coeff_closeness": 8.205694054125548, "coeff_eigentrust": 3.096768464569184, "coeff_eigenvector": 8.263946760569013, "coeff_katz": 4.490745796577546, "coeff_logFC": 8.771876691034858, "coeff_pagerank": 7.724094784634661}}, {"target": 0.015122013767240206, "params": {"coeff_betweenness": 6.00616210591377, "coeff_closeness": 2.228097030946165, "coeff_eigentrust": 1.539259205609905, "coeff_eigenvector": 2.092091101666636, "coeff_katz": 1.4009669069028554, "coeff_logFC": 1.9674471619548362, "coeff_pagerank": 3.0313840474706923}}, {"target": 0.021147144008078156, "params": {"coeff_betweenness": 7.41690082344409, "coeff_closeness": 6.037452838487282, "coeff_eigentrust": 1.1130038214320428, "coeff_eigenvector": 1.6477685172053809, "coeff_katz": 9.705486970002449, "coeff_logFC": 6.112904157279479, "coeff_pagerank": 2.8296391119489144}}, {"target": 0.02608588050421823, "params": {"coeff_betweenness": 3.270931701132911, "coeff_closeness": 7.694432686675836, "coeff_eigentrust": 2.7588653299838692, "coeff_eigenvector": 6.23223034545932, "coeff_katz": 9.730179901794811, "coeff_logFC": 8.621459213410319, "coeff_pagerank": 3.1586298323282755}}, {"target": 0.028367999655427467, "params": {"coeff_betweenness": 5.4439274284185695, "coeff_closeness": 6.579601465432418, "coeff_eigentrust": 8.460828095951609, "coeff_eigenvector": 2.4111225518147585, "coeff_katz": 1.1671858195966855, "coeff_logFC": 1.630199293473001, "coeff_pagerank": 5.3771059984332865}}, {"target": 0.03715034001061479, "params": {"coeff_betweenness": 6.456965154879973, "coeff_closeness": 6.119662933778332, "coeff_eigentrust": 3.856261683899447, "coeff_eigenvector": 9.89754538971204, "coeff_katz": 6.217706973212172, "coeff_logFC": 4.421270553611953, "coeff_pagerank": 5.958533972061072}}, {"target": 0.023893038127796862, "params": {"coeff_betweenness": 7.708009878158519, "coeff_closeness": 7.023096041078661, "coeff_eigentrust": 3.3842760189652843, "coeff_eigenvector": 1.5970135098559741, "coeff_katz": 4.330757781226957, "coeff_logFC": 6.6674575631940804, "coeff_pagerank": 2.891566089233556}}, {"target": 0.030999365797716227, "params": {"coeff_betweenness": 7.7747999836493245, "coeff_closeness": 1.5988283321870345, "coeff_eigentrust": 3.342835887206869, "coeff_eigenvector": 8.242791073690109, "coeff_katz": 2.7409085436099496, "coeff_logFC": 6.755147927919461, "coeff_pagerank": 5.722032782113603}}, {"target": 0.03266734774126978, "params": {"coeff_betweenness": 9.323271733594156, "coeff_closeness": 3.369670934383999, "coeff_eigentrust": 1.593649816156214, "coeff_eigenvector": 7.6155936695980255, "coeff_katz": 7.9496022658892205, "coeff_logFC": 9.170342672531717, "coeff_pagerank": 9.387748622771536}}, {"target": 0.029408385913034407, "params": {"coeff_betweenness": 1.1255641567803731, "coeff_closeness": 3.1092587750927847, "coeff_eigentrust": 6.551005213014919, "coeff_eigenvector": 9.541146886188548, "coeff_katz": 9.551585073223716, "coeff_logFC": 6.0098786937564075, "coeff_pagerank": 9.240457147896471}}, {"target": 0.03520819906112882, "params": {"coeff_betweenness": 6.774095880517038, "coeff_closeness": 4.510069427271216, "coeff_eigentrust": 5.373916003872187, "coeff_eigenvector": 6.438794346279759, "coeff_katz": 5.945931293577063, "coeff_logFC": 9.335632840358082, "coeff_pagerank": 9.268600920702454}}, {"target": 0.015369759926812332, "params": {"coeff_betweenness": 4.5538805163119935, "coeff_closeness": 9.669362755966405, "coeff_eigentrust": 2.5656010001241794, "coeff_eigenvector": 2.136965674956736, "coeff_katz": 2.215712422420582, "coeff_logFC": 5.550959491092071, "coeff_pagerank": 1.1937232474677817}}, {"target": 0.0290762220735723, "params": {"coeff_betweenness": 9.531731900959128, "coeff_closeness": 8.444039240536593, "coeff_eigentrust": 1.1351708266791014, "coeff_eigenvector": 2.5857663001754974, "coeff_katz": 3.988572169301533, "coeff_logFC": 2.178971603298252, "coeff_pagerank": 8.285416229139239}}, {"target": 0.0345261521933391, "params": {"coeff_betweenness": 4.102629874149641, "coeff_closeness": 9.460967341000304, "coeff_eigentrust": 6.238127619523721, "coeff_eigenvector": 8.909487859706598, "coeff_katz": 8.602610008529997, "coeff_logFC": 9.148530868377843, "coeff_pagerank": 5.138922392351263}}, {"target": 0.03691345697512738, "params": {"coeff_betweenness": 5.917121344183359, "coeff_closeness": 8.187432320368355, "coeff_eigentrust": 3.571469665607328, "coeff_eigenvector": 5.41228170357935, "coeff_katz": 6.391992768812905, "coeff_logFC": 1.1397994799575215, "coeff_pagerank": 6.341332673769735}}, {"target": 0.03754223616239594, "params": {"coeff_betweenness": 4.903087140905125, "coeff_closeness": 8.266244759963573, "coeff_eigentrust": 3.8372032278583568, "coeff_eigenvector": 9.035998376726361, "coeff_katz": 6.20071493756082, "coeff_logFC": 2.6560918146471857, "coeff_pagerank": 8.091363104429538}}, {"target": 0.04088617771224101, "params": {"coeff_betweenness": 6.508280593404406, "coeff_closeness": 1.4851834486637765, "coeff_eigentrust": 4.78174312001019, "coeff_eigenvector": 7.111619529088866, "coeff_katz": 9.267416001797733, "coeff_logFC": 1.003618224022217, "coeff_pagerank": 9.790832341279536}}, {"target": 0.03392869035923396, "params": {"coeff_betweenness": 4.389222832711971, "coeff_closeness": 9.764051845224904, "coeff_eigentrust": 6.442444908766477, "coeff_eigenvector": 8.459612271826238, "coeff_katz": 6.172403542372921, "coeff_logFC": 6.652685784766153, "coeff_pagerank": 3.5701865352612456}}, {"target": 0.03650565029985853, "params": {"coeff_betweenness": 6.281500065904747, "coeff_closeness": 7.750195873323939, "coeff_eigentrust": 8.724824527861381, "coeff_eigenvector": 7.795739696209122, "coeff_katz": 7.282515236025727, "coeff_logFC": 8.780314870491399, "coeff_pagerank": 3.904128971530718}}, {"target": 0.03434741225471216, "params": {"coeff_betweenness": 7.037099117088285, "coeff_closeness": 5.0578654277201425, "coeff_eigentrust": 4.4389247682836555, "coeff_eigenvector": 4.69730214929967, "coeff_katz": 4.613316251225865, "coeff_logFC": 3.8564555136244922, "coeff_pagerank": 6.597274311282713}}, {"target": 0.032802242220546285, "params": {"coeff_betweenness": 4.872225437391379, "coeff_closeness": 9.764218701345271, "coeff_eigentrust": 7.1002080229088, "coeff_eigenvector": 2.787128995843998, "coeff_katz": 4.840309084132295, "coeff_logFC": 4.090116157969807, "coeff_pagerank": 8.178749235627098}}, {"target": 0.032732716303231935, "params": {"coeff_betweenness": 8.919984597070886, "coeff_closeness": 9.134577602437348, "coeff_eigentrust": 6.96447831137736, "coeff_eigenvector": 3.43187435826782, "coeff_katz": 3.2713003135413077, "coeff_logFC": 8.694081484276621, "coeff_pagerank": 5.74943181677872}}, {"target": 0.03769452232161652, "params": {"coeff_betweenness": 8.219449756041382, "coeff_closeness": 6.152396654724457, "coeff_eigentrust": 7.5982827275876, "coeff_eigenvector": 5.671104647176502, "coeff_katz": 7.9379551945169915, "coeff_logFC": 6.11972191634244, "coeff_pagerank": 5.191388907327828}}, {"target": 0.028454984510969172, "params": {"coeff_betweenness": 4.0842001715795355, "coeff_closeness": 1.613884135750337, "coeff_eigentrust": 4.401317613952899, "coeff_eigenvector": 1.7166346992842714, "coeff_katz": 9.845354023574005, "coeff_logFC": 2.6345156619768737, "coeff_pagerank": 8.306728279484858}}, {"target": 0.031791279039252385, "params": {"coeff_betweenness": 8.874654804603082, "coeff_closeness": 7.195719271473489, "coeff_eigentrust": 6.125449714708381, "coeff_eigenvector": 2.4487429313404787, "coeff_katz": 5.201920204869757, "coeff_logFC": 4.106548460396935, "coeff_pagerank": 3.0253596203267614}}, {"target": 0.03728825896246746, "params": {"coeff_betweenness": 6.332606818892171, "coeff_closeness": 3.8104285393172526, "coeff_eigentrust": 9.246749981215157, "coeff_eigenvector": 9.186719724564014, "coeff_katz": 3.3140646440397656, "coeff_logFC": 1.998021706696263, "coeff_pagerank": 2.7366645881720157}}, {"target": 0.0305514849764722, "params": {"coeff_betweenness": 5.496257536109974, "coeff_closeness": 7.557271011771366, "coeff_eigentrust": 2.8737499456791236, "coeff_eigenvector": 3.2323020253950765, "coeff_katz": 8.665046874427302, "coeff_logFC": 4.7426384644077455, "coeff_pagerank": 6.550165604397126}}, {"target": 0.024817770082248836, "params": {"coeff_betweenness": 3.1029952531532503, "coeff_closeness": 1.9177053348321769, "coeff_eigentrust": 5.642713152716769, "coeff_eigenvector": 5.294268883448042, "coeff_katz": 2.3740447968384695, "coeff_logFC": 6.5962560856637396, "coeff_pagerank": 5.896091069325443}}, {"target": 0.025382709741909038, "params": {"coeff_betweenness": 6.887236122736699, "coeff_closeness": 2.300909861121938, "coeff_eigentrust": 7.763750354217195, "coeff_eigenvector": 2.9984422581993044, "coeff_katz": 5.674166419294297, "coeff_logFC": 8.06766425399457, "coeff_pagerank": 1.2009738519262556}}, {"target": 0.034422617904494635, "params": {"coeff_betweenness": 3.9192621375356786, "coeff_closeness": 8.856301387601, "coeff_eigentrust": 8.602386468418626, "coeff_eigenvector": 5.845965333350893, "coeff_katz": 8.799474467498616, "coeff_logFC": 9.548253922182639, "coeff_pagerank": 8.437662978664072}}, {"target": 0.031676756821602536, "params": {"coeff_betweenness": 8.687038994528848, "coeff_closeness": 1.8886906163831352, "coeff_eigentrust": 6.861738991068919, "coeff_eigenvector": 7.331652893373876, "coeff_katz": 6.492167313819667, "coeff_logFC": 8.196537355624251, "coeff_pagerank": 1.3111409788447084}}, {"target": 0.04377209868767695, "params": {"coeff_betweenness": 9.612710088790205, "coeff_closeness": 8.742322713394355, "coeff_eigentrust": 8.581039571885409, "coeff_eigenvector": 6.923409377133765, "coeff_katz": 9.813388706588432, "coeff_logFC": 2.054128459024982, "coeff_pagerank": 9.218287048245799}}, {"target": 0.04525127946994534, "params": {"coeff_betweenness": 9.948736121696868, "coeff_closeness": 7.927819204197616, "coeff_eigentrust": 9.973071059583486, "coeff_eigenvector": 9.975795976306436, "coeff_katz": 5.05207649353487, "coeff_logFC": 1.5714447595709, "coeff_pagerank": 7.4356930797911405}}, {"target": 0.042384465263814675, "params": {"coeff_betweenness": 9.905679549566301, "coeff_closeness": 7.867141045397626, "coeff_eigentrust": 9.701986984245705, "coeff_eigenvector": 9.166528998024729, "coeff_katz": 6.399108323975657, "coeff_logFC": 5.151883824016079, "coeff_pagerank": 9.393899504797826}}, {"target": 0.04439351005706571, "params": {"coeff_betweenness": 8.43349306159041, "coeff_closeness": 9.829924151830703, "coeff_eigentrust": 9.999604560438378, "coeff_eigenvector": 9.9638020514023, "coeff_katz": 9.827650352916093, "coeff_logFC": 2.8392229080061604, "coeff_pagerank": 6.286485642204092}}, {"target": 0.04570673914037293, "params": {"coeff_betweenness": 8.245880970748242, "coeff_closeness": 8.893171571466123, "coeff_eigentrust": 9.19716491898295, "coeff_eigenvector": 8.804711284342776, "coeff_katz": 9.031104591197375, "coeff_logFC": 1.2322471635527905, "coeff_pagerank": 9.618506585467195}}, {"target": 0.04158583112002445, "params": {"coeff_betweenness": 9.987410678296703, "coeff_closeness": 8.193105056783146, "coeff_eigentrust": 9.74588456742847, "coeff_eigenvector": 9.037784430832586, "coeff_katz": 8.45318578300224, "coeff_logFC": 7.416057210808317, "coeff_pagerank": 9.530923930115996}}, {"target": 0.046070797098504035, "params": {"coeff_betweenness": 9.738078779335504, "coeff_closeness": 8.654712639117582, "coeff_eigentrust": 9.501418356421357, "coeff_eigenvector": 9.652235404018425, "coeff_katz": 6.848359821247346, "coeff_logFC": 1.2152938253731358, "coeff_pagerank": 8.117652736428559}}, {"target": 0.04396752780235402, "params": {"coeff_betweenness": 8.910300649445054, "coeff_closeness": 7.619882260277941, "coeff_eigentrust": 9.80844305290458, "coeff_eigenvector": 9.362745436814661, "coeff_katz": 9.616161772422195, "coeff_logFC": 3.5245932488108926, "coeff_pagerank": 9.448225489721967}}, {"target": 0.044788522995381275, "params": {"coeff_betweenness": 9.568423958099096, "coeff_closeness": 1.573314324308627, "coeff_eigentrust": 9.537896573533507, "coeff_eigenvector": 9.720602584077453, "coeff_katz": 9.407174252097121, "coeff_logFC": 2.592303466549756, "coeff_pagerank": 9.660000508009515}}, {"target": 0.045658519055794544, "params": {"coeff_betweenness": 9.710533460319414, "coeff_closeness": 7.958532810607137, "coeff_eigentrust": 8.673198320294151, "coeff_eigenvector": 9.643324352027154, "coeff_katz": 6.30097931755199, "coeff_logFC": 1.303700601241287, "coeff_pagerank": 9.35267339343175}}, {"target": 0.043930162532179295, "params": {"coeff_betweenness": 8.686755408630809, "coeff_closeness": 7.964115912648038, "coeff_eigentrust": 9.879374692083726, "coeff_eigenvector": 9.724268091785454, "coeff_katz": 9.435519286899195, "coeff_logFC": 3.643146751568314, "coeff_pagerank": 8.849392323255412}}, {"target": 0.04597822270338481, "params": {"coeff_betweenness": 9.942858062506296, "coeff_closeness": 1.9623300301314028, "coeff_eigentrust": 9.70160902896364, "coeff_eigenvector": 9.213451515541902, "coeff_katz": 8.217977215810087, "coeff_logFC": 1.3241812712816303, "coeff_pagerank": 9.934977764127929}}, {"target": 0.04247333236500783, "params": {"coeff_betweenness": 9.964930699192385, "coeff_closeness": 8.72684853079329, "coeff_eigentrust": 7.219052636277697, "coeff_eigenvector": 9.920370198705546, "coeff_katz": 8.014928875675118, "coeff_logFC": 4.6873491034800745, "coeff_pagerank": 8.920745673235974}}, {"target": 0.04317185486582731, "params": {"coeff_betweenness": 9.539678207291455, "coeff_closeness": 7.022818826695612, "coeff_eigentrust": 9.551182453413764, "coeff_eigenvector": 9.088132162574347, "coeff_katz": 9.935965828185207, "coeff_logFC": 4.5424701229250495, "coeff_pagerank": 9.235856855411646}}, {"target": 0.04588069819992535, "params": {"coeff_betweenness": 8.882255870700858, "coeff_closeness": 7.9927207382604655, "coeff_eigentrust": 9.358527963740976, "coeff_eigenvector": 9.936828795497078, "coeff_katz": 8.43119131537548, "coeff_logFC": 1.4722713143441668, "coeff_pagerank": 7.786399221244396}}, {"target": 0.044564887986267676, "params": {"coeff_betweenness": 8.130470208031953, "coeff_closeness": 9.041026151437867, "coeff_eigentrust": 9.465372827373946, "coeff_eigenvector": 8.912040038686243, "coeff_katz": 8.362530451481014, "coeff_logFC": 2.1242658102596494, "coeff_pagerank": 9.460084407600355}}, {"target": 0.04542868050677462, "params": {"coeff_betweenness": 9.266457120292314, "coeff_closeness": 4.995296050933396, "coeff_eigentrust": 9.13046918943965, "coeff_eigenvector": 9.434458717243006, "coeff_katz": 9.534344111284042, "coeff_logFC": 1.7890091307209344, "coeff_pagerank": 8.04129677126484}}, {"target": 0.04554881970139124, "params": {"coeff_betweenness": 9.549134167025729, "coeff_closeness": 8.94177057609701, "coeff_eigentrust": 9.36683510084919, "coeff_eigenvector": 8.457268038065811, "coeff_katz": 8.19432533918682, "coeff_logFC": 1.410877534868404, "coeff_pagerank": 9.798034068983194}}, {"target": 0.04235673432441467, "params": {"coeff_betweenness": 9.74106405944363, "coeff_closeness": 4.161618810408212, "coeff_eigentrust": 9.43616995580816, "coeff_eigenvector": 9.694559183091807, "coeff_katz": 9.876991148693548, "coeff_logFC": 6.351354271683706, "coeff_pagerank": 8.842558906333789}}, {"target": 0.04632603381968403, "params": {"coeff_betweenness": 9.811983967502739, "coeff_closeness": 8.56546319703568, "coeff_eigentrust": 9.795623326039648, "coeff_eigenvector": 9.944740988128405, "coeff_katz": 8.970828943339656, "coeff_logFC": 1.439889566368802, "coeff_pagerank": 7.3608824952012855}}, {"target": 0.04389713239011095, "params": {"coeff_betweenness": 9.364163724638408, "coeff_closeness": 9.14672320373023, "coeff_eigentrust": 9.008397596904588, "coeff_eigenvector": 9.731626611233752, "coeff_katz": 5.802989233140327, "coeff_logFC": 2.7483656000012617, "coeff_pagerank": 8.710810509198959}}, {"target": 0.04689065386563451, "params": {"coeff_betweenness": 9.84984928534643, "coeff_closeness": 4.6485753512889545, "coeff_eigentrust": 9.49333193254202, "coeff_eigenvector": 9.55333414353536, 